<?xml version="1.0" encoding="UTF-8"?>
<testng-results ignored="0" total="1" passed="1" failed="0" skipped="0">
  <reporter-output>
  </reporter-output>
  <suite started-at="2022-02-02T14:33:38 EST" name="adhoc" finished-at="2022-02-02T14:33:51 EST" duration-ms="12688">
    <groups>
    </groups>
    <test started-at="2022-02-02T14:33:38 EST" name="Regression" finished-at="2022-02-02T14:33:51 EST" duration-ms="12688">
      <class name="bootcamp2022.mavenproject.homedepottest">
        <test-method is-config="true" signature="beforeMethod()[pri:0, instance:bootcamp2022.mavenproject.homedepottest@31e5415e]" started-at="2022-02-02T14:33:38 EST" name="beforeMethod" finished-at="2022-02-02T14:33:42 EST" duration-ms="3905" status="PASS">
          <reporter-output>
          </reporter-output>
        </test-method> <!-- beforeMethod -->
        <test-method signature="f()[pri:0, instance:bootcamp2022.mavenproject.homedepottest@31e5415e]" started-at="2022-02-02T14:33:42 EST" name="f" finished-at="2022-02-02T14:33:46 EST" duration-ms="4530" status="PASS">
          <reporter-output>
          </reporter-output>
        </test-method> <!-- f -->
        <test-method is-config="true" signature="afterMethod()[pri:0, instance:bootcamp2022.mavenproject.homedepottest@31e5415e]" started-at="2022-02-02T14:33:46 EST" name="afterMethod" finished-at="2022-02-02T14:33:51 EST" duration-ms="4227" status="PASS">
          <reporter-output>
          </reporter-output>
        </test-method> <!-- afterMethod -->
      </class> <!-- bootcamp2022.mavenproject.homedepottest -->
    </test> <!-- Regression -->
  </suite> <!-- adhoc -->
</testng-results>
