<?xml version="1.0" encoding="UTF-8"?>
<testng-results ignored="0" total="1" passed="1" failed="0" skipped="0">
  <reporter-output>
  </reporter-output>
  <suite started-at="2022-01-26T14:07:09 EST" name="adhoc" finished-at="2022-01-26T14:07:16 EST" duration-ms="7778">
    <groups>
    </groups>
    <test started-at="2022-01-26T14:07:09 EST" name="Regression" finished-at="2022-01-26T14:07:16 EST" duration-ms="7778">
      <class name="bootcamp2022.mavenproject.homedepottest">
        <test-method is-config="true" signature="beforeMethod()[pri:0, instance:bootcamp2022.mavenproject.homedepottest@31e5415e]" started-at="2022-01-26T14:07:09 EST" name="beforeMethod" finished-at="2022-01-26T14:07:12 EST" duration-ms="3870" status="PASS">
          <reporter-output>
          </reporter-output>
        </test-method> <!-- beforeMethod -->
        <test-method signature="f()[pri:0, instance:bootcamp2022.mavenproject.homedepottest@31e5415e]" started-at="2022-01-26T14:07:12 EST" name="f" finished-at="2022-01-26T14:07:16 EST" duration-ms="3876" status="PASS">
          <reporter-output>
          </reporter-output>
        </test-method> <!-- f -->
        <test-method is-config="true" signature="afterMethod()[pri:0, instance:bootcamp2022.mavenproject.homedepottest@31e5415e]" started-at="2022-01-26T14:07:16 EST" name="afterMethod" finished-at="2022-01-26T14:07:16 EST" duration-ms="0" status="PASS">
          <reporter-output>
          </reporter-output>
        </test-method> <!-- afterMethod -->
      </class> <!-- bootcamp2022.mavenproject.homedepottest -->
    </test> <!-- Regression -->
  </suite> <!-- adhoc -->
</testng-results>
